<?xml version="1.0" encoding="UTF-8"?>
<testng-results skipped="0" failed="0" ignored="0" total="2" passed="2">
  <reporter-output>
  </reporter-output>
  <suite name="Suite" duration-ms="20029" started-at="2019-11-17T08:01:31Z" finished-at="2019-11-17T08:01:51Z">
    <groups>
    </groups>
    <test name="Test" duration-ms="20029" started-at="2019-11-17T08:01:31Z" finished-at="2019-11-17T08:01:51Z">
      <class name="com.Hiverhq.FlipkartTest">
        <test-method status="PASS" signature="beforeMethod(java.lang.String, java.lang.String)[pri:0, instance:com.Hiverhq.FlipkartTest@6bedbc4d]" name="beforeMethod" is-config="true" duration-ms="4765" started-at="2019-11-17T08:01:31Z" finished-at="2019-11-17T08:01:36Z">
          <params>
            <param index="0">
              <value>
                <![CDATA[Chrome]]>
              </value>
            </param>
            <param index="1">
              <value>
                <![CDATA[Local]]>
              </value>
            </param>
          </params>
          <reporter-output>
          </reporter-output>
        </test-method> <!-- beforeMethod -->
        <test-method status="PASS" signature="flipkart()[pri:0, instance:com.Hiverhq.FlipkartTest@6bedbc4d]" name="flipkart" duration-ms="5158" started-at="2019-11-17T08:01:36Z" finished-at="2019-11-17T08:01:41Z">
          <reporter-output>
          </reporter-output>
        </test-method> <!-- flipkart -->
        <test-method status="PASS" signature="close()[pri:0, instance:com.Hiverhq.FlipkartTest@6bedbc4d]" name="close" is-config="true" duration-ms="152" started-at="2019-11-17T08:01:41Z" finished-at="2019-11-17T08:01:41Z">
          <reporter-output>
          </reporter-output>
        </test-method> <!-- close -->
      </class> <!-- com.Hiverhq.FlipkartTest -->
      <class name="com.Hiverhq.FlipkartAmazonSearch">
        <test-method status="PASS" signature="beforeMethod(java.lang.String, java.lang.String)[pri:0, instance:com.Hiverhq.FlipkartAmazonSearch@932bc4a]" name="beforeMethod" is-config="true" duration-ms="1555" started-at="2019-11-17T08:01:41Z" finished-at="2019-11-17T08:01:43Z">
          <params>
            <param index="0">
              <value>
                <![CDATA[Chrome]]>
              </value>
            </param>
            <param index="1">
              <value>
                <![CDATA[Local]]>
              </value>
            </param>
          </params>
          <reporter-output>
          </reporter-output>
        </test-method> <!-- beforeMethod -->
        <test-method status="PASS" signature="flipkartamazoncompare()[pri:0, instance:com.Hiverhq.FlipkartAmazonSearch@932bc4a]" name="flipkartamazoncompare" duration-ms="8133" started-at="2019-11-17T08:01:43Z" finished-at="2019-11-17T08:01:51Z">
          <reporter-output>
          </reporter-output>
        </test-method> <!-- flipkartamazoncompare -->
        <test-method status="PASS" signature="close()[pri:0, instance:com.Hiverhq.FlipkartAmazonSearch@932bc4a]" name="close" is-config="true" duration-ms="236" started-at="2019-11-17T08:01:51Z" finished-at="2019-11-17T08:01:51Z">
          <reporter-output>
          </reporter-output>
        </test-method> <!-- close -->
      </class> <!-- com.Hiverhq.FlipkartAmazonSearch -->
    </test> <!-- Test -->
  </suite> <!-- Suite -->
</testng-results>
