<?xml version="1.0" encoding="UTF-8"?>
<testng-results skipped="0" failed="0" ignored="0" total="0" passed="0">
  <reporter-output>
  </reporter-output>
  <suite name="com.Hiverhq.AppTest" duration-ms="7" started-at="2019-11-12T06:39:52Z" finished-at="2019-11-12T06:39:52Z">
    <groups>
    </groups>
    <test name="Command line test" duration-ms="7" started-at="2019-11-12T06:39:52Z" finished-at="2019-11-12T06:39:52Z">
    </test> <!-- Command line test -->
  </suite> <!-- com.Hiverhq.AppTest -->
</testng-results>
